
> frontend@1.0.0 dev
> vite

[33mThe CJS build of Vite's Node API is deprecated. See https://vite.dev/guide/troubleshooting.html#vite-cjs-node-api-deprecated for more details.[39m

  VITE v6.3.5  ready in 513 ms

  ➜  Local:   http://localhost:5173/
  ➜  Network: use --host to expose

> frontend@1.0.0 dev
> vite --host

[33mThe CJS build of Vite's Node API is deprecated. See https://vite.dev/guide/troubleshooting.html#vite-cjs-node-api-deprecated for more details.[39m

  VITE v6.3.5  ready in 559 ms

  ➜  Local:   http://localhost:5173/
  ➜  Network: http://10.0.2.86:5173/
Error: spawn xdg-open ENOENT
    at ChildProcess._handle.onexit (node:internal/child_process:284:19)
    at onErrorNT (node:internal/child_process:477:16)
    at process.processTicksAndRejections (node:internal/process/task_queues:82:21)

> frontend@1.0.0 dev
> vite --host

[33mThe CJS build of Vite's Node API is deprecated. See https://vite.dev/guide/troubleshooting.html#vite-cjs-node-api-deprecated for more details.[39m

  VITE v6.3.5  ready in 194 ms

  ➜  Local:   http://localhost:5173/
  ➜  Network: http://10.0.2.86:5173/
Error: spawn xdg-open ENOENT
    at ChildProcess._handle.onexit (node:internal/child_process:284:19)
    at onErrorNT (node:internal/child_process:477:16)
    at process.processTicksAndRejections (node:internal/process/task_queues:82:21)
